/net/japon/scratch/jacosta/TecEspect/LIRIS_data/SNe/prereduced/tcr805285.fits	STAR1	flatzjw	"  0:00:00.000"	+00:00:00.00	0.000000	l1	lrzj8	OFF	OFF	3.00400000	1.000012	2006-01-07
/net/japon/scratch/jacosta/TecEspect/LIRIS_data/SNe/prereduced/tcr805286.fits	STAR1	flatzjw	"  0:00:00.000"	+00:00:00.00	0.000000	l1	lrzj8	OFF	OFF	3.00400000	1.000012	2006-01-07
/net/japon/scratch/jacosta/TecEspect/LIRIS_data/SNe/prereduced/tcr805287.fits	STAR1	flatzjw	"  0:00:00.000"	+00:00:00.00	0.000000	l1	lrzj8	OFF	OFF	3.00400000	1.000012	2006-01-07
/net/japon/scratch/jacosta/TecEspect/LIRIS_data/SNe/prereduced/tcr805288.fits	STAR1	flatzjw	"  0:00:00.000"	+00:00:00.00	0.000000	l1	lrzj8	OFF	OFF	3.00400000	1.000012	2006-01-07
/net/japon/scratch/jacosta/TecEspect/LIRIS_data/SNe/prereduced/tcr805289.fits	STAR1	flatzjw	"  0:00:00.000"	+00:00:00.00	0.000000	l1	lrzj8	OFF	OFF	3.00400000	1.000012	2006-01-07
/net/japon/scratch/jacosta/TecEspect/LIRIS_data/SNe/prereduced/tcr805290.fits	STAR1	flatzjw	"  0:00:00.000"	+00:00:00.00	0.000000	l1	lrzj8	OFF	OFF	3.00400000	1.000012	2006-01-07
/net/japon/scratch/jacosta/TecEspect/LIRIS_data/SNe/prereduced/tcr805291.fits	STAR1	flatzjw	"  0:00:00.000"	+00:00:00.00	0.000000	l1	lrzj8	OFF	OFF	3.00400000	1.000012	2006-01-07
/net/japon/scratch/jacosta/TecEspect/LIRIS_data/SNe/prereduced/tcr805292.fits	STAR1	flatzjw	"  0:00:00.000"	+00:00:00.00	0.000000	l1	lrzj8	OFF	OFF	3.00400000	1.000012	2006-01-07
/net/japon/scratch/jacosta/TecEspect/LIRIS_data/SNe/prereduced/tcr805293.fits	STAR1	flatzjw	"  0:00:00.000"	+00:00:00.00	0.000000	l1	lrzj8	OFF	OFF	3.00400000	1.000012	2006-01-07
/net/japon/scratch/jacosta/TecEspect/LIRIS_data/SNe/prereduced/tcr805294.fits	STAR1	flatzjw	"  0:00:00.000"	+00:00:00.00	0.000000	l1	lrzj8	OFF	OFF	3.00400000	1.000012	2006-01-07
/net/japon/scratch/jacosta/TecEspect/LIRIS_data/SNe/prereduced/tcr805295.fits	STAR1	flatzjw	"  0:00:00.000"	+00:00:00.00	0.000000	l1	lrzj8	OFF	OFF	3.00400000	1.000012	2006-01-07
/net/japon/scratch/jacosta/TecEspect/LIRIS_data/SNe/prereduced/tcr805437.fits	SN05KD	A:sn05kd	"  4:03:16.878"	+71:43:18.91	39.999999	l0p75	lrzj8	OFF	OFF	300.00400000	1.410318	2006-01-07
/net/japon/scratch/jacosta/TecEspect/LIRIS_data/SNe/prereduced/tcr805438.fits	SN05KD	B:sn05kd	"  4:03:15.240"	+71:43:09.71	39.999999	l0p75	lrzj8	OFF	OFF	300.00400000	1.415600	2006-01-07
/net/japon/scratch/jacosta/TecEspect/LIRIS_data/SNe/prereduced/tcr805439.fits	SN05KD	A:sn05kd	"  4:03:16.885"	+71:43:18.89	39.999999	l0p75	lrzj8	OFF	OFF	300.00400000	1.421746	2006-01-07
/net/japon/scratch/jacosta/TecEspect/LIRIS_data/SNe/prereduced/tcr805440.fits	SN05KD	B:sn05kd	"  4:03:15.246"	+71:43:09.69	39.999999	l0p75	lrzj8	OFF	OFF	300.00400000	1.427840	2006-01-07
/net/japon/scratch/jacosta/TecEspect/LIRIS_data/SNe/prereduced/tcr805445.fits	SN05KD	A:galsn05kd	"  4:03:16.880"	+71:43:18.90	39.999999	l0p75	lrhk	OFF	OFF	300.00400000	1.483085	2006-01-08
/net/japon/scratch/jacosta/TecEspect/LIRIS_data/SNe/prereduced/tcr805446.fits	SN05KD	B:galsn05kd	"  4:03:13.468"	+71:42:59.73	39.999999	l0p75	lrhk	OFF	OFF	300.00400000	1.492099	2006-01-08
/net/japon/scratch/jacosta/TecEspect/LIRIS_data/SNe/prereduced/tcr805447.fits	SN05KD	A:galsn05kd	"  4:03:16.882"	+71:43:18.89	39.999999	l0p75	lrzj8	OFF	OFF	300.00400000	1.504250	2006-01-08
/net/japon/scratch/jacosta/TecEspect/LIRIS_data/SNe/prereduced/tcr805448.fits	SN05KD	B:galsn05kd	"  4:03:13.469"	+71:42:59.72	39.999999	l0p75	lrzj8	OFF	OFF	300.00400000	1.514281	2006-01-08
/net/japon/scratch/jacosta/TecEspect/LIRIS_data/SNe/prereduced/tcr805450.fits	HD26220	A:hd26220	"  4:14:43.598"	+71:12:55.41	39.999999	l0p75	lrzj8	OFF	OFF	5.00400000	1.513295	2006-01-08
/net/japon/scratch/jacosta/TecEspect/LIRIS_data/SNe/prereduced/tcr805451.fits	HD26220	B:hd26220	"  4:14:41.997"	+71:12:46.24	39.999999	l0p75	lrzj8	OFF	OFF	5.00400000	1.513686	2006-01-08
/net/japon/scratch/jacosta/TecEspect/LIRIS_data/SNe/prereduced/tcr805564.fits	SN05IP	A:sn05ip	"  9:32:06.414"	+08:26:44.41	137.999997	l0p75	lrzj8	OFF	OFF	300.00400000	1.066382	2006-01-08
/net/japon/scratch/jacosta/TecEspect/LIRIS_data/SNe/prereduced/tcr805565.fits	SN05IP	B:sn05ip	"  9:32:06.682"	+08:26:39.94	137.999997	l0p75	lrzj8	OFF	OFF	300.00400000	1.066700	2006-01-08
/net/japon/scratch/jacosta/TecEspect/LIRIS_data/SNe/prereduced/tcr805572.fits	SN05IP	A:sn05ip	"  9:32:06.424"	+08:26:44.43	137.999997	l0p75	lrzj8	OFF	OFF	300.00400000	1.092473	2006-01-08
/net/japon/scratch/jacosta/TecEspect/LIRIS_data/SNe/prereduced/tcr805573.fits	SN05IP	B:sn05ip	"  9:32:06.681"	+08:26:39.83	137.999997	l0p75	lrzj8	OFF	OFF	300.00400000	1.098247	2006-01-08
/net/japon/scratch/jacosta/TecEspect/LIRIS_data/SNe/prereduced/tcr805574.fits	DD072146	A:ddo72146	"  9:32:16.864"	+07:21:48.55	137.999997	l0p75	lrzj8	OFF	OFF	5.00400000	1.117925	2006-01-08
/net/japon/scratch/jacosta/TecEspect/LIRIS_data/SNe/prereduced/tcr805575.fits	DD072146	B:ddo72146	"  9:32:17.146"	+07:21:44.22	137.999997	l0p75	lrzj8	OFF	OFF	5.00400000	1.118207	2006-01-08
/net/japon/scratch/jacosta/TecEspect/LIRIS_data/SNe/prereduced/tcr805624.fits	SN05KL	A:sn05kl	" 12:24:35.687"	+39:23:03.56	0.000000	l0p75	lrzj8	OFF	OFF	300.00400000	1.023588	2006-01-08
/net/japon/scratch/jacosta/TecEspect/LIRIS_data/SNe/prereduced/tcr805625.fits	SN05KL	B:sn05kl	" 12:24:35.682"	+39:22:51.50	0.000000	l0p75	lrzj8	OFF	OFF	300.00400000	1.021544	2006-01-08
/net/japon/scratch/jacosta/TecEspect/LIRIS_data/SNe/prereduced/tcr805630.fits	SN05KL	A:sn05kl	" 12:24:35.680"	+39:23:03.50	0.000000	l0p75	lrzj8	OFF	OFF	300.00400000	1.017639	2006-01-08
/net/japon/scratch/jacosta/TecEspect/LIRIS_data/SNe/prereduced/tcr805631.fits	SN05KL	B:sn05kl	" 12:24:35.682"	+39:22:51.54	0.000000	l0p75	lrzj8	OFF	OFF	300.00400000	1.018339	2006-01-08
/net/japon/scratch/jacosta/TecEspect/LIRIS_data/SNe/prereduced/tcr805634.fits	BD402534	A:bd402534	" 12:24:39.127"	+39:44:49.73	0.000000	l0p75	lrzj8	OFF	OFF	5.00400000	1.023934	2006-01-08
/net/japon/scratch/jacosta/TecEspect/LIRIS_data/SNe/prereduced/tcr805635.fits	BD402534	B:bd402534	" 12:24:39.130"	+39:44:37.72	0.000000	l0p75	lrzj8	OFF	OFF	5.00400000	1.024001	2006-01-08
/net/japon/scratch/jacosta/TecEspect/LIRIS_data/SNe/prereduced/tcr805725.fits	SN05LT	ArZJl0p75	"  0:00:00.000"	+00:00:00.00	0.000000	l0p75	lrzj8	ON	OFF	1.00400000	1.000012	2006-01-08
