
Mar 22 12:56 [hd26220_tel]: A:hd26220
    center      cont      flux       eqw      core     gfwhm     lfwhm
  10798.97 0.7806593   183.357    -234.9  0.221903     776.2        0.

Mar 22 12:57 [hd26220_tel]: A:hd26220
    center      cont      flux       eqw      core     gfwhm     lfwhm
  10935.17 0.9832124  -8.97098     9.124 -0.227696     37.01        0.
  9260.202 0.9337779  -7.50446     8.037  -0.23151     30.45        0.
  10054.81   1.00826  -11.7774     11.68 -0.256515     43.13        0.
   9050.73 0.9266727  -15.3819      16.6 -0.297374     48.59        0.
  9563.039 0.7920985   -7.6419     9.648 -0.200873     35.74        0.
  9373.555 0.9161082   -21.363     23.32 -0.303466     66.13        0.
  12822.93 0.9585629  -9.26971      9.67 -0.182023     47.84        0.
    center      cont      flux       eqw      core     gfwhm     lfwhm

Mar 22 13:05 [hd26220_tel]: A:hd26220
    center      cont      flux       eqw      core     gfwhm     lfwhm
  9059.309 0.9985902  -28.1797     28.22  -0.32575     81.27        0.

Mar 22 13:05 [hd26220_tel]: A:hd26220
    center      cont      flux       eqw      core     gfwhm     lfwhm
  9055.324 0.9817216  -23.7756     24.22  -0.32658     68.39        0.
  9260.184  0.933444  -7.48098     8.014 -0.231283     30.39        0.
  9562.584 0.7951757  -7.70417     9.689 -0.202852     35.68        0.
  10055.01  1.006173  -11.5516     11.48 -0.255514     42.47        0.
  10935.97 0.9869859  -9.32668      9.45 -0.230658     37.99        0.
  12824.02 0.9612468  -9.65745     10.05 -0.182167      49.8        0.

Mar 22 13:11 [hd26220_tel]: A:hd26220
    center      cont      flux       eqw      core     gfwhm     lfwhm
   9059.43 0.9998261  -28.4711     28.48 -0.326015     82.04        0.
  9259.577 0.9407238  -7.98967     8.493 -0.236806      31.7        0.
   9566.98 0.8440106  -12.4505     14.75 -0.224866     52.02        0.
  10055.18  1.021414  -13.3435     13.06 -0.261156       48.        0.
  10936.35  1.000644  -10.6524     10.65 -0.237941     42.06        0.
  12823.97 0.9609531  -9.61858     10.01  -0.18206     49.63        0.
